2020-01-08 23:12:17.328 [restartedMain] INFO  com.coding.mall.ProductApplication - Starting ProductApplication on Kuangshen with PID 3504 (C:\Users\Administrator\Desktop\icoding_mall\imall-product\target\classes started by Administrator in C:\Users\Administrator\Desktop\icoding_mall)
2020-01-08 23:12:17.342 [restartedMain] INFO  com.coding.mall.ProductApplication - The following profiles are active: dev
2020-01-08 23:12:17.523 [restartedMain] INFO  o.s.b.w.s.c.AnnotationConfigServletWebServerApplicationContext - Refreshing org.springframework.boot.web.servlet.context.AnnotationConfigServletWebServerApplicationContext@41508b02: startup date [Wed Jan 08 23:12:17 CST 2020]; root of context hierarchy
2020-01-08 23:12:27.065 [restartedMain] INFO  o.s.c.s.PostProcessorRegistrationDelegate$BeanPostProcessorChecker - Bean 'org.springframework.transaction.annotation.ProxyTransactionManagementConfiguration' of type [org.springframework.transaction.annotation.ProxyTransactionManagementConfiguration$$EnhancerBySpringCGLIB$$c8573e2f] is not eligible for getting processed by all BeanPostProcessors (for example: not eligible for auto-proxying)
2020-01-08 23:12:30.299 [restartedMain] INFO  o.s.boot.web.embedded.tomcat.TomcatWebServer - Tomcat initialized with port(s): 8110 (http)
2020-01-08 23:12:30.358 [restartedMain] INFO  org.apache.coyote.http11.Http11NioProtocol - Initializing ProtocolHandler ["http-nio-8110"]
2020-01-08 23:12:30.410 [restartedMain] INFO  org.apache.catalina.core.StandardService - Starting service [Tomcat]
2020-01-08 23:12:30.413 [restartedMain] INFO  org.apache.catalina.core.StandardEngine - Starting Servlet Engine: Apache Tomcat/8.5.39
2020-01-08 23:12:30.460 [localhost-startStop-1] INFO  org.apache.catalina.core.AprLifecycleListener - The APR based Apache Tomcat Native library which allows optimal performance in production environments was not found on the java.library.path: [D:\Environment\java\jdk1.8.0_201\bin;C:\Windows\Sun\Java\bin;C:\Windows\system32;C:\Windows;D:\Environment\python2\;D:\Environment\python2\Scripts;D:\ProgramFiles\xshell\;C:\Program Files (x86)\Common Files\Oracle\Java\javapath;C:\Windows\system32;C:\Windows;C:\Windows\System32\Wbem;C:\Windows\System32\WindowsPowerShell\v1.0\;D:\Environment\java\jdk1.8.0_201\bin;D:\Environment\java\jdk1.8.0_201\jre\bin;D:\Environment\mysql-5.7.19\bin;D:\Environment\apache-maven-3.6.1\bin;D:\Environment\apache-tomcat-9.0.14\bin;D:\ProgramFiles\Git\cmd;D:\MyIDE\Microsoft VS Code\bin;C:\Program Files\nodejs\;D:\Environment\NodeJS\node_global;C:\Users\Administrator\AppData\Local\Microsoft\WindowsApps;C:\Users\Administrator\AppData\Roaming\npm;.]
2020-01-08 23:12:31.402 [localhost-startStop-1] INFO  o.a.c.core.ContainerBase.[Tomcat].[localhost].[/] - Initializing Spring embedded WebApplicationContext
2020-01-08 23:12:31.409 [localhost-startStop-1] INFO  org.springframework.web.context.ContextLoader - Root WebApplicationContext: initialization completed in 13886 ms
2020-01-08 23:12:31.788 [localhost-startStop-1] INFO  o.s.boot.web.servlet.ServletRegistrationBean - Servlet dispatcherServlet mapped to [/]
2020-01-08 23:12:31.810 [localhost-startStop-1] INFO  o.s.boot.web.servlet.FilterRegistrationBean - Mapping filter: 'characterEncodingFilter' to: [/*]
2020-01-08 23:12:31.813 [localhost-startStop-1] INFO  o.s.boot.web.servlet.FilterRegistrationBean - Mapping filter: 'hiddenHttpMethodFilter' to: [/*]
2020-01-08 23:12:31.819 [localhost-startStop-1] INFO  o.s.boot.web.servlet.FilterRegistrationBean - Mapping filter: 'httpPutFormContentFilter' to: [/*]
2020-01-08 23:12:31.819 [localhost-startStop-1] INFO  o.s.boot.web.servlet.FilterRegistrationBean - Mapping filter: 'requestContextFilter' to: [/*]
2020-01-08 23:12:33.839 [restartedMain] INFO  com.zaxxer.hikari.HikariDataSource - HikariPool-1 - Starting...
2020-01-08 23:12:34.658 [restartedMain] INFO  com.zaxxer.hikari.HikariDataSource - HikariPool-1 - Start completed.
2020-01-08 23:12:40.970 [restartedMain] INFO  o.s.w.s.m.m.a.RequestMappingHandlerMapping - Mapped "{[/admin/mall/product],methods=[GET]}" onto public com.coding.common.vo.R com.coding.mall.controller.admin.ProductAdminController.list()
2020-01-08 23:12:40.987 [restartedMain] INFO  o.s.w.s.m.m.a.RequestMappingHandlerMapping - Mapped "{[/admin/mall/product],methods=[POST]}" onto public com.coding.common.vo.R com.coding.mall.controller.admin.ProductAdminController.save(com.coding.mall.entity.Product)
2020-01-08 23:12:40.998 [restartedMain] INFO  o.s.w.s.m.m.a.RequestMappingHandlerMapping - Mapped "{[/admin/mall/product/{id}],methods=[DELETE]}" onto public com.coding.common.vo.R com.coding.mall.controller.admin.ProductAdminController.removeById(int)
2020-01-08 23:12:41.001 [restartedMain] INFO  o.s.w.s.m.m.a.RequestMappingHandlerMapping - Mapped "{[/admin/mall/product/{id}],methods=[PUT]}" onto public com.coding.common.vo.R com.coding.mall.controller.admin.ProductAdminController.updateById(int,com.coding.mall.entity.Product)
2020-01-08 23:12:41.009 [restartedMain] INFO  o.s.w.s.m.m.a.RequestMappingHandlerMapping - Mapped "{[/admin/mall/product/{page}/{limit}],methods=[GET]}" onto public com.coding.common.vo.R com.coding.mall.controller.admin.ProductAdminController.pageList(java.lang.Long,java.lang.Long,com.coding.mall.query.ProductQuery)
2020-01-08 23:12:41.047 [restartedMain] INFO  o.s.w.s.m.m.a.RequestMappingHandlerMapping - Mapped "{[/swagger-resources/configuration/security]}" onto public org.springframework.http.ResponseEntity<springfox.documentation.swagger.web.SecurityConfiguration> springfox.documentation.swagger.web.ApiResourceController.securityConfiguration()
2020-01-08 23:12:41.088 [restartedMain] INFO  o.s.w.s.m.m.a.RequestMappingHandlerMapping - Mapped "{[/swagger-resources/configuration/ui]}" onto public org.springframework.http.ResponseEntity<springfox.documentation.swagger.web.UiConfiguration> springfox.documentation.swagger.web.ApiResourceController.uiConfiguration()
2020-01-08 23:12:41.091 [restartedMain] INFO  o.s.w.s.m.m.a.RequestMappingHandlerMapping - Mapped "{[/swagger-resources]}" onto public org.springframework.http.ResponseEntity<java.util.List<springfox.documentation.swagger.web.SwaggerResource>> springfox.documentation.swagger.web.ApiResourceController.swaggerResources()
2020-01-08 23:12:41.104 [restartedMain] INFO  o.s.w.s.m.m.a.RequestMappingHandlerMapping - Mapped "{[/error]}" onto public org.springframework.http.ResponseEntity<java.util.Map<java.lang.String, java.lang.Object>> org.springframework.boot.autoconfigure.web.servlet.error.BasicErrorController.error(javax.servlet.http.HttpServletRequest)
2020-01-08 23:12:41.136 [restartedMain] INFO  o.s.w.s.m.m.a.RequestMappingHandlerMapping - Mapped "{[/error],produces=[text/html]}" onto public org.springframework.web.servlet.ModelAndView org.springframework.boot.autoconfigure.web.servlet.error.BasicErrorController.errorHtml(javax.servlet.http.HttpServletRequest,javax.servlet.http.HttpServletResponse)
2020-01-08 23:12:42.846 [restartedMain] INFO  s.d.s.w.PropertySourcedRequestMappingHandlerMapping - Mapped URL path [/v2/api-docs] onto method [public org.springframework.http.ResponseEntity<springfox.documentation.spring.web.json.Json> springfox.documentation.swagger2.web.Swagger2Controller.getDocumentation(java.lang.String,javax.servlet.http.HttpServletRequest)]
2020-01-08 23:12:43.334 [restartedMain] INFO  o.s.web.servlet.handler.SimpleUrlHandlerMapping - Mapped URL path [/**/favicon.ico] onto handler of type [class org.springframework.web.servlet.resource.ResourceHttpRequestHandler]
2020-01-08 23:12:44.632 [restartedMain] INFO  o.s.w.s.m.m.a.RequestMappingHandlerAdapter - Looking for @ControllerAdvice: org.springframework.boot.web.servlet.context.AnnotationConfigServletWebServerApplicationContext@41508b02: startup date [Wed Jan 08 23:12:17 CST 2020]; root of context hierarchy
2020-01-08 23:12:45.421 [restartedMain] INFO  o.s.web.servlet.handler.SimpleUrlHandlerMapping - Mapped URL path [/webjars/**] onto handler of type [class org.springframework.web.servlet.resource.ResourceHttpRequestHandler]
2020-01-08 23:12:45.487 [restartedMain] INFO  o.s.web.servlet.handler.SimpleUrlHandlerMapping - Mapped URL path [/**] onto handler of type [class org.springframework.web.servlet.resource.ResourceHttpRequestHandler]
2020-01-08 23:12:45.659 [restartedMain] INFO  o.s.w.s.m.m.a.ExceptionHandlerExceptionResolver - Detected @ExceptionHandler methods in globalExecptionHandler
2020-01-08 23:12:48.762 [restartedMain] INFO  o.s.b.d.autoconfigure.OptionalLiveReloadServer - LiveReload server is running on port 35729
2020-01-08 23:12:49.071 [restartedMain] INFO  o.s.jmx.export.annotation.AnnotationMBeanExporter - Registering beans for JMX exposure on startup
2020-01-08 23:12:49.117 [restartedMain] INFO  o.s.jmx.export.annotation.AnnotationMBeanExporter - Bean with name 'dataSource' has been autodetected for JMX exposure
2020-01-08 23:12:49.240 [restartedMain] INFO  o.s.jmx.export.annotation.AnnotationMBeanExporter - Located MBean 'dataSource': registering with JMX server as MBean [com.zaxxer.hikari:name=dataSource,type=HikariDataSource]
2020-01-08 23:12:49.393 [restartedMain] INFO  o.s.context.support.DefaultLifecycleProcessor - Starting beans in phase 2147483647
2020-01-08 23:12:49.394 [restartedMain] INFO  s.d.s.web.plugins.DocumentationPluginsBootstrapper - Context refreshed
2020-01-08 23:12:49.908 [restartedMain] INFO  s.d.s.web.plugins.DocumentationPluginsBootstrapper - Found 2 custom documentation plugin(s)
2020-01-08 23:12:50.864 [restartedMain] INFO  s.d.spring.web.scanners.ApiListingReferenceScanner - Scanning for api listing references
2020-01-08 23:12:52.879 [restartedMain] INFO  s.d.spring.web.scanners.ApiListingReferenceScanner - Scanning for api listing references
2020-01-08 23:12:52.943 [restartedMain] INFO  org.apache.coyote.http11.Http11NioProtocol - Starting ProtocolHandler ["http-nio-8110"]
2020-01-08 23:12:53.050 [restartedMain] INFO  org.apache.tomcat.util.net.NioSelectorPool - Using a shared selector for servlet write/read
2020-01-08 23:12:53.196 [restartedMain] INFO  o.s.boot.web.embedded.tomcat.TomcatWebServer - Tomcat started on port(s): 8110 (http) with context path ''
2020-01-08 23:12:53.231 [restartedMain] INFO  com.coding.mall.ProductApplication - Started ProductApplication in 40.21 seconds (JVM running for 42.948)
2020-01-08 23:12:55.093 [http-nio-8110-exec-10] INFO  o.a.c.core.ContainerBase.[Tomcat].[localhost].[/] - Initializing Spring FrameworkServlet 'dispatcherServlet'
2020-01-08 23:12:55.096 [http-nio-8110-exec-10] INFO  org.springframework.web.servlet.DispatcherServlet - FrameworkServlet 'dispatcherServlet': initialization started
2020-01-08 23:12:55.196 [http-nio-8110-exec-10] INFO  org.springframework.web.servlet.DispatcherServlet - FrameworkServlet 'dispatcherServlet': initialization completed in 99 ms
2020-01-08 23:19:38.603 [restartedMain] INFO  com.coding.mall.ProductApplication - Starting ProductApplication on Kuangshen with PID 4352 (C:\Users\Administrator\Desktop\icoding_mall\imall-product\target\classes started by Administrator in C:\Users\Administrator\Desktop\icoding_mall)
2020-01-08 23:19:38.609 [restartedMain] INFO  com.coding.mall.ProductApplication - The following profiles are active: dev
2020-01-08 23:19:38.969 [restartedMain] INFO  o.s.b.w.s.c.AnnotationConfigServletWebServerApplicationContext - Refreshing org.springframework.boot.web.servlet.context.AnnotationConfigServletWebServerApplicationContext@7b28ad43: startup date [Wed Jan 08 23:19:38 CST 2020]; root of context hierarchy
2020-01-08 23:19:49.173 [restartedMain] INFO  o.s.c.s.PostProcessorRegistrationDelegate$BeanPostProcessorChecker - Bean 'org.springframework.transaction.annotation.ProxyTransactionManagementConfiguration' of type [org.springframework.transaction.annotation.ProxyTransactionManagementConfiguration$$EnhancerBySpringCGLIB$$cd36a7fe] is not eligible for getting processed by all BeanPostProcessors (for example: not eligible for auto-proxying)
2020-01-08 23:19:52.460 [restartedMain] INFO  o.s.boot.web.embedded.tomcat.TomcatWebServer - Tomcat initialized with port(s): 8110 (http)
2020-01-08 23:19:52.512 [restartedMain] INFO  org.apache.coyote.http11.Http11NioProtocol - Initializing ProtocolHandler ["http-nio-8110"]
2020-01-08 23:19:52.583 [restartedMain] INFO  org.apache.catalina.core.StandardService - Starting service [Tomcat]
2020-01-08 23:19:52.601 [restartedMain] INFO  org.apache.catalina.core.StandardEngine - Starting Servlet Engine: Apache Tomcat/8.5.39
2020-01-08 23:19:52.739 [localhost-startStop-1] INFO  org.apache.catalina.core.AprLifecycleListener - The APR based Apache Tomcat Native library which allows optimal performance in production environments was not found on the java.library.path: [D:\Environment\java\jdk1.8.0_201\bin;C:\Windows\Sun\Java\bin;C:\Windows\system32;C:\Windows;D:\Environment\python2\;D:\Environment\python2\Scripts;D:\ProgramFiles\xshell\;C:\Program Files (x86)\Common Files\Oracle\Java\javapath;C:\Windows\system32;C:\Windows;C:\Windows\System32\Wbem;C:\Windows\System32\WindowsPowerShell\v1.0\;D:\Environment\java\jdk1.8.0_201\bin;D:\Environment\java\jdk1.8.0_201\jre\bin;D:\Environment\mysql-5.7.19\bin;D:\Environment\apache-maven-3.6.1\bin;D:\Environment\apache-tomcat-9.0.14\bin;D:\ProgramFiles\Git\cmd;D:\MyIDE\Microsoft VS Code\bin;C:\Program Files\nodejs\;D:\Environment\NodeJS\node_global;C:\Users\Administrator\AppData\Local\Microsoft\WindowsApps;C:\Users\Administrator\AppData\Roaming\npm;.]
2020-01-08 23:19:53.530 [localhost-startStop-1] INFO  o.a.c.core.ContainerBase.[Tomcat].[localhost].[/] - Initializing Spring embedded WebApplicationContext
2020-01-08 23:19:53.536 [localhost-startStop-1] INFO  org.springframework.web.context.ContextLoader - Root WebApplicationContext: initialization completed in 14567 ms
2020-01-08 23:19:53.871 [localhost-startStop-1] INFO  o.s.boot.web.servlet.ServletRegistrationBean - Servlet dispatcherServlet mapped to [/]
2020-01-08 23:19:53.899 [localhost-startStop-1] INFO  o.s.boot.web.servlet.FilterRegistrationBean - Mapping filter: 'characterEncodingFilter' to: [/*]
2020-01-08 23:19:53.900 [localhost-startStop-1] INFO  o.s.boot.web.servlet.FilterRegistrationBean - Mapping filter: 'hiddenHttpMethodFilter' to: [/*]
2020-01-08 23:19:53.904 [localhost-startStop-1] INFO  o.s.boot.web.servlet.FilterRegistrationBean - Mapping filter: 'httpPutFormContentFilter' to: [/*]
2020-01-08 23:19:53.906 [localhost-startStop-1] INFO  o.s.boot.web.servlet.FilterRegistrationBean - Mapping filter: 'requestContextFilter' to: [/*]
2020-01-08 23:19:55.180 [restartedMain] INFO  com.zaxxer.hikari.HikariDataSource - HikariPool-1 - Starting...
2020-01-08 23:19:56.223 [restartedMain] INFO  com.zaxxer.hikari.HikariDataSource - HikariPool-1 - Start completed.
2020-01-08 23:20:03.404 [restartedMain] INFO  o.s.w.s.m.m.a.RequestMappingHandlerMapping - Mapped "{[/admin/mall/product],methods=[GET]}" onto public com.coding.common.vo.R com.coding.mall.controller.admin.ProductAdminController.list()
2020-01-08 23:20:03.474 [restartedMain] INFO  o.s.w.s.m.m.a.RequestMappingHandlerMapping - Mapped "{[/admin/mall/product],methods=[POST]}" onto public com.coding.common.vo.R com.coding.mall.controller.admin.ProductAdminController.save(com.coding.mall.entity.Product)
2020-01-08 23:20:03.489 [restartedMain] INFO  o.s.w.s.m.m.a.RequestMappingHandlerMapping - Mapped "{[/admin/mall/product/{page}/{limit}],methods=[GET]}" onto public com.coding.common.vo.R com.coding.mall.controller.admin.ProductAdminController.pageList(java.lang.Long,java.lang.Long,com.coding.mall.query.ProductQuery)
2020-01-08 23:20:03.491 [restartedMain] INFO  o.s.w.s.m.m.a.RequestMappingHandlerMapping - Mapped "{[/admin/mall/product/{id}],methods=[DELETE]}" onto public com.coding.common.vo.R com.coding.mall.controller.admin.ProductAdminController.removeById(int)
2020-01-08 23:20:03.556 [restartedMain] INFO  o.s.w.s.m.m.a.RequestMappingHandlerMapping - Mapped "{[/admin/mall/product/{id}],methods=[PUT]}" onto public com.coding.common.vo.R com.coding.mall.controller.admin.ProductAdminController.updateById(int,com.coding.mall.entity.Product)
2020-01-08 23:20:03.673 [restartedMain] INFO  o.s.w.s.m.m.a.RequestMappingHandlerMapping - Mapped "{[/swagger-resources/configuration/ui]}" onto public org.springframework.http.ResponseEntity<springfox.documentation.swagger.web.UiConfiguration> springfox.documentation.swagger.web.ApiResourceController.uiConfiguration()
2020-01-08 23:20:03.775 [restartedMain] INFO  o.s.w.s.m.m.a.RequestMappingHandlerMapping - Mapped "{[/swagger-resources]}" onto public org.springframework.http.ResponseEntity<java.util.List<springfox.documentation.swagger.web.SwaggerResource>> springfox.documentation.swagger.web.ApiResourceController.swaggerResources()
2020-01-08 23:20:03.783 [restartedMain] INFO  o.s.w.s.m.m.a.RequestMappingHandlerMapping - Mapped "{[/swagger-resources/configuration/security]}" onto public org.springframework.http.ResponseEntity<springfox.documentation.swagger.web.SecurityConfiguration> springfox.documentation.swagger.web.ApiResourceController.securityConfiguration()
2020-01-08 23:20:03.803 [restartedMain] INFO  o.s.w.s.m.m.a.RequestMappingHandlerMapping - Mapped "{[/error]}" onto public org.springframework.http.ResponseEntity<java.util.Map<java.lang.String, java.lang.Object>> org.springframework.boot.autoconfigure.web.servlet.error.BasicErrorController.error(javax.servlet.http.HttpServletRequest)
2020-01-08 23:20:03.806 [restartedMain] INFO  o.s.w.s.m.m.a.RequestMappingHandlerMapping - Mapped "{[/error],produces=[text/html]}" onto public org.springframework.web.servlet.ModelAndView org.springframework.boot.autoconfigure.web.servlet.error.BasicErrorController.errorHtml(javax.servlet.http.HttpServletRequest,javax.servlet.http.HttpServletResponse)
2020-01-08 23:20:05.661 [restartedMain] INFO  s.d.s.w.PropertySourcedRequestMappingHandlerMapping - Mapped URL path [/v2/api-docs] onto method [public org.springframework.http.ResponseEntity<springfox.documentation.spring.web.json.Json> springfox.documentation.swagger2.web.Swagger2Controller.getDocumentation(java.lang.String,javax.servlet.http.HttpServletRequest)]
2020-01-08 23:20:06.353 [restartedMain] INFO  o.s.web.servlet.handler.SimpleUrlHandlerMapping - Mapped URL path [/**/favicon.ico] onto handler of type [class org.springframework.web.servlet.resource.ResourceHttpRequestHandler]
2020-01-08 23:20:07.530 [restartedMain] INFO  o.s.w.s.m.m.a.RequestMappingHandlerAdapter - Looking for @ControllerAdvice: org.springframework.boot.web.servlet.context.AnnotationConfigServletWebServerApplicationContext@7b28ad43: startup date [Wed Jan 08 23:19:38 CST 2020]; root of context hierarchy
2020-01-08 23:20:08.204 [restartedMain] INFO  o.s.web.servlet.handler.SimpleUrlHandlerMapping - Mapped URL path [/webjars/**] onto handler of type [class org.springframework.web.servlet.resource.ResourceHttpRequestHandler]
2020-01-08 23:20:08.234 [restartedMain] INFO  o.s.web.servlet.handler.SimpleUrlHandlerMapping - Mapped URL path [/**] onto handler of type [class org.springframework.web.servlet.resource.ResourceHttpRequestHandler]
2020-01-08 23:20:08.548 [restartedMain] INFO  o.s.w.s.m.m.a.ExceptionHandlerExceptionResolver - Detected @ExceptionHandler methods in globalExecptionHandler
2020-01-08 23:20:11.993 [restartedMain] INFO  o.s.b.d.autoconfigure.OptionalLiveReloadServer - LiveReload server is running on port 35729
2020-01-08 23:20:12.127 [restartedMain] INFO  o.s.jmx.export.annotation.AnnotationMBeanExporter - Registering beans for JMX exposure on startup
2020-01-08 23:20:12.136 [restartedMain] INFO  o.s.jmx.export.annotation.AnnotationMBeanExporter - Bean with name 'dataSource' has been autodetected for JMX exposure
2020-01-08 23:20:12.219 [restartedMain] INFO  o.s.jmx.export.annotation.AnnotationMBeanExporter - Located MBean 'dataSource': registering with JMX server as MBean [com.zaxxer.hikari:name=dataSource,type=HikariDataSource]
2020-01-08 23:20:13.550 [restartedMain] INFO  o.s.context.support.DefaultLifecycleProcessor - Starting beans in phase 2147483647
2020-01-08 23:20:14.037 [restartedMain] INFO  s.d.s.web.plugins.DocumentationPluginsBootstrapper - Context refreshed
2020-01-08 23:20:14.286 [restartedMain] INFO  s.d.s.web.plugins.DocumentationPluginsBootstrapper - Found 2 custom documentation plugin(s)
2020-01-08 23:20:14.573 [restartedMain] INFO  s.d.spring.web.scanners.ApiListingReferenceScanner - Scanning for api listing references
2020-01-08 23:20:16.045 [restartedMain] INFO  s.d.spring.web.scanners.ApiListingReferenceScanner - Scanning for api listing references
2020-01-08 23:20:16.222 [restartedMain] INFO  org.apache.coyote.http11.Http11NioProtocol - Starting ProtocolHandler ["http-nio-8110"]
2020-01-08 23:20:16.290 [restartedMain] INFO  org.apache.tomcat.util.net.NioSelectorPool - Using a shared selector for servlet write/read
2020-01-08 23:20:16.573 [restartedMain] INFO  o.s.boot.web.embedded.tomcat.TomcatWebServer - Tomcat started on port(s): 8110 (http) with context path ''
2020-01-08 23:20:16.620 [restartedMain] INFO  com.coding.mall.ProductApplication - Started ProductApplication in 41.471 seconds (JVM running for 43.695)
2020-01-08 23:20:38.598 [http-nio-8110-exec-9] INFO  o.a.c.core.ContainerBase.[Tomcat].[localhost].[/] - Initializing Spring FrameworkServlet 'dispatcherServlet'
2020-01-08 23:20:38.602 [http-nio-8110-exec-9] INFO  org.springframework.web.servlet.DispatcherServlet - FrameworkServlet 'dispatcherServlet': initialization started
2020-01-08 23:20:38.769 [http-nio-8110-exec-9] INFO  org.springframework.web.servlet.DispatcherServlet - FrameworkServlet 'dispatcherServlet': initialization completed in 166 ms
